0 info it worked if it ends with ok
1 verbose cli [ '/Users/Hunter/.nvm/versions/v6.0.0/bin/node',
1 verbose cli   '/Users/Hunter/.nvm/versions/v6.0.0/bin/npm',
1 verbose cli   'start' ]
2 info using npm@3.8.6
3 info using node@v6.0.0
4 verbose run-script [ 'prestart', 'start', 'poststart' ]
5 info lifecycle mean-starter-kit@0.2.0~prestart: mean-starter-kit@0.2.0
6 silly lifecycle mean-starter-kit@0.2.0~prestart: no script for prestart, continuing
7 info lifecycle mean-starter-kit@0.2.0~start: mean-starter-kit@0.2.0
8 verbose lifecycle mean-starter-kit@0.2.0~start: unsafe-perm in lifecycle true
9 verbose lifecycle mean-starter-kit@0.2.0~start: PATH: /Users/Hunter/.nvm/versions/v6.0.0/lib/node_modules/npm/bin/node-gyp-bin:/Users/Hunter/Documents/JettFoundationGallery/node_modules/.bin:/Users/Hunter/.nvm/versions/v6.0.0/bin:/Users/Hunter/.nvm/versions/v6.0.0/bin:/opt/local/bin:/opt/local/sbin:/Users/Hunter/.rvm/gems/ruby-2.1.1/bin:/Users/Hunter/.rvm/gems/ruby-2.1.1@global/bin:/Users/Hunter/.rvm/rubies/ruby-2.1.1/bin:/Users/Hunter/.nvm/versions/v5.10.1/bin:/opt/local/bin:/opt/local/sbin:/opt/local/bin:/opt/local/sbin:/usr/local/php5/bin:/Users/Hunter/.node/bin:/Users/Hunter/Documents/jaxb-ri-20100511/bin:/usr/local/bin:/bin:/Users/Hunter/Documents/gradle-1.12/bin:/usr/local/bin:/usr/bin:/bin:/usr/sbin:/sbin:/opt/X11/bin:/opt/ImageMagick/bin:/Users/Hunter/.rvm/bin
10 verbose lifecycle mean-starter-kit@0.2.0~start: CWD: /Users/Hunter/Documents/JettFoundationGallery
11 silly lifecycle mean-starter-kit@0.2.0~start: Args: [ '-c', 'node ./node_modules/gulp/bin/gulp.js' ]
12 silly lifecycle mean-starter-kit@0.2.0~start: Returned: code: 1  signal: null
13 info lifecycle mean-starter-kit@0.2.0~start: Failed to exec start script
14 verbose stack Error: mean-starter-kit@0.2.0 start: `node ./node_modules/gulp/bin/gulp.js`
14 verbose stack Exit status 1
14 verbose stack     at EventEmitter.<anonymous> (/Users/Hunter/.nvm/versions/v6.0.0/lib/node_modules/npm/lib/utils/lifecycle.js:239:16)
14 verbose stack     at emitTwo (events.js:106:13)
14 verbose stack     at EventEmitter.emit (events.js:191:7)
14 verbose stack     at ChildProcess.<anonymous> (/Users/Hunter/.nvm/versions/v6.0.0/lib/node_modules/npm/lib/utils/spawn.js:24:14)
14 verbose stack     at emitTwo (events.js:106:13)
14 verbose stack     at ChildProcess.emit (events.js:191:7)
14 verbose stack     at maybeClose (internal/child_process.js:850:16)
14 verbose stack     at Process.ChildProcess._handle.onexit (internal/child_process.js:215:5)
15 verbose pkgid mean-starter-kit@0.2.0
16 verbose cwd /Users/Hunter/Documents/JettFoundationGallery
17 error Darwin 15.4.0
18 error argv "/Users/Hunter/.nvm/versions/v6.0.0/bin/node" "/Users/Hunter/.nvm/versions/v6.0.0/bin/npm" "start"
19 error node v6.0.0
20 error npm  v3.8.6
21 error code ELIFECYCLE
22 error mean-starter-kit@0.2.0 start: `node ./node_modules/gulp/bin/gulp.js`
22 error Exit status 1
23 error Failed at the mean-starter-kit@0.2.0 start script 'node ./node_modules/gulp/bin/gulp.js'.
23 error Make sure you have the latest version of node.js and npm installed.
23 error If you do, this is most likely a problem with the mean-starter-kit package,
23 error not with npm itself.
23 error Tell the author that this fails on your system:
23 error     node ./node_modules/gulp/bin/gulp.js
23 error You can get information on how to open an issue for this project with:
23 error     npm bugs mean-starter-kit
23 error Or if that isn't available, you can get their info via:
23 error     npm owner ls mean-starter-kit
23 error There is likely additional logging output above.
24 verbose exit [ 1, true ]
